Using pre-set license
Built from '2020.2/staging' branch; Version is '2020.2.7f1 (c53830e277f1) revision 12924976'; Using compiler version '192528614'; Build Type 'Release'
OS: 'Windows 10 Pro; OS build 19042.867; Version 2009; 64bit' Language: 'de' Physical Memory: 16322 MB
BatchMode: 1, IsHumanControllingUs: 0, StartBugReporterOnCrash: 0, Is64bit: 1, IsPro: 0

 COMMAND LINE ARGUMENTS:
C:\Program Files\Unity\Hub\Editor\2020.2.7f1\Editor\Unity.exe
-adb2
-batchMode
-noUpm
-name
AssetImportWorker0
-projectPath
C:/Users/mmlpv/OneDrive/Desktop/Game Dev/Visual Studio Code/Argon Assault
-logFile
Logs/AssetImportWorker0.log
-srvPort
51392
Successfully changed project path to: C:/Users/mmlpv/OneDrive/Desktop/Game Dev/Visual Studio Code/Argon Assault
C:/Users/mmlpv/OneDrive/Desktop/Game Dev/Visual Studio Code/Argon Assault
Using Asset Import Pipeline V2.
Refreshing native plugins compatible for Editor in 30.68 ms, found 9 plugins.
Preloading 0 native plugins for Editor in 0.00 ms.
Initialize engine version: 2020.2.7f1 (c53830e277f1)
[Subsystems] Discovering subsystems at path C:/Program Files/Unity/Hub/Editor/2020.2.7f1/Editor/Data/Resources/UnitySubsystems
[Subsystems] Discovering subsystems at path C:/Users/mmlpv/OneDrive/Desktop/Game Dev/Visual Studio Code/Argon Assault/Assets
GfxDevice: creating device client; threaded=0
Direct3D:
    Version:  Direct3D 11.0 [level 11.1]
    Renderer: NVIDIA GeForce GTX 1070 Ti (ID=0x1b82)
    Vendor:   
    VRAM:     8079 MB
    Driver:   27.21.14.6192
Initialize mono
Mono path[0] = 'C:/Program Files/Unity/Hub/Editor/2020.2.7f1/Editor/Data/Managed'
Mono path[1] = 'C:/Program Files/Unity/Hub/Editor/2020.2.7f1/Editor/Data/MonoBleedingEdge/lib/mono/unityjit'
Mono config path = 'C:/Program Files/Unity/Hub/Editor/2020.2.7f1/Editor/Data/MonoBleedingEdge/etc'
Using monoOptions --debugger-agent=transport=dt_socket,embedding=1,server=y,suspend=n,address=127.0.0.1:56852
Begin MonoManager ReloadAssembly
Registering precompiled unity dll's ...
Register platform support module: C:/Program Files/Unity/Hub/Editor/2020.2.7f1/Editor/Data/PlaybackEngines/WebGLSupport/UnityEditor.WebGL.Extensions.dll
Register platform support module: C:/Program Files/Unity/Hub/Editor/2020.2.7f1/Editor/Data/PlaybackEngines/WindowsStandaloneSupport/UnityEditor.WindowsStandalone.Extensions.dll
Registered in 0.004112 seconds.
Native extension for WindowsStandalone target not found
Native extension for WebGL target not found
Refreshing native plugins compatible for Editor in 33.20 ms, found 9 plugins.
Preloading 0 native plugins for Editor in 0.00 ms.
Invoked RoslynAnalysisRunner static constructor.
RoslynAnalysisRunner will not be running.
RoslynAnalysisRunner has terminated.
Mono: successfully reloaded assembly
- Completed reload, in  1.650 seconds
Platform modules already initialized, skipping
Registering precompiled user dll's ...
Registered in 0.002759 seconds.
Begin MonoManager ReloadAssembly
Native extension for WindowsStandalone target not found
Native extension for WebGL target not found
Refreshing native plugins compatible for Editor in 27.19 ms, found 9 plugins.
Preloading 0 native plugins for Editor in 0.00 ms.
Invoked RoslynAnalysisRunner static constructor.
RoslynAnalysisRunner will not be running.
RoslynAnalysisRunner has terminated.
Mono: successfully reloaded assembly
- Completed reload, in  1.050 seconds
Platform modules already initialized, skipping
========================================================================
Worker process is ready to serve import requests
Launched and connected shader compiler UnityShaderCompiler.exe after 0.05 seconds
Refreshing native plugins compatible for Editor in 0.83 ms, found 9 plugins.
Preloading 0 native plugins for Editor in 0.00 ms.
Unloading 1386 Unused Serialized files (Serialized files now loaded: 0)
System memory in use before: 93.0 MB.
System memory in use after: 92.9 MB.

Unloading 32 unused Assets to reduce memory usage. Loaded Objects now: 1854.
Total: 3.507300 ms (FindLiveObjects: 0.324600 ms CreateObjectMapping: 0.100700 ms MarkObjects: 2.794300 ms  DeleteObjects: 0.285700 ms)

========================================================================
Received Import Request.
  path: Assets/NVIDIA/Flex/Assets/FlexAsset.cs
  artifactKey: Guid(230603b8982005349912fd5252213d63) Importer(815301076,1909f56bfc062723c751e8b465ee728b)
Start importing Assets/NVIDIA/Flex/Assets/FlexAsset.cs using Guid(230603b8982005349912fd5252213d63) Importer(815301076,1909f56bfc062723c751e8b465ee728b)  -> (artifact id: '237be75c98f3a2b9c319dc940d9eb436') in 0.041035 seconds
  Import took 0.044428 seconds .

========================================================================
Received Import Request.
  Time since last request: 11.215194 seconds.
  path: Assets/NVIDIA/Flex Samples/1. Array Actor
  artifactKey: Guid(25b29b47700c4854390dccac020ac015) Importer(815301076,1909f56bfc062723c751e8b465ee728b)
Start importing Assets/NVIDIA/Flex Samples/1. Array Actor using Guid(25b29b47700c4854390dccac020ac015) Importer(815301076,1909f56bfc062723c751e8b465ee728b)  -> (artifact id: 'bd98f180d7234f7b925388ee41e6be9e') in 0.002577 seconds
  Import took 0.004948 seconds .

========================================================================
Received Import Request.
  Time since last request: 0.068854 seconds.
  path: Assets/NVIDIA/Flex Samples/1. Array Actor/FlexArrayAsset.asset
  artifactKey: Guid(ab1509697147a1a4699ab87af8c48144) Importer(815301076,1909f56bfc062723c751e8b465ee728b)
Start importing Assets/NVIDIA/Flex Samples/1. Array Actor/FlexArrayAsset.asset using Guid(ab1509697147a1a4699ab87af8c48144) Importer(815301076,1909f56bfc062723c751e8b465ee728b)  -> (artifact id: 'b3e93c08598b7070cf86ea6ecf720333') in 0.011844 seconds
  Import took 0.015614 seconds .

========================================================================
Received Import Request.
  Time since last request: 0.000452 seconds.
  path: Assets/NVIDIA/Flex Samples/1. Array Actor/FlexContainer.asset
  artifactKey: Guid(470a7573861952145a702fe7107917e6) Importer(815301076,1909f56bfc062723c751e8b465ee728b)
Start importing Assets/NVIDIA/Flex Samples/1. Array Actor/FlexContainer.asset using Guid(470a7573861952145a702fe7107917e6) Importer(815301076,1909f56bfc062723c751e8b465ee728b)  -> (artifact id: 'e51b4e7a0e323ef1501743d672e154fd') in 0.003145 seconds
  Import took 0.005246 seconds .

========================================================================
Received Import Request.
  Time since last request: 23.854205 seconds.
  path: Assets/NVIDIA/Flex Samples/1. Array Actor/Scene.unity
  artifactKey: Guid(0cfa9ba4afdcce14581e7f1ecab7b750) Importer(815301076,1909f56bfc062723c751e8b465ee728b)
Start importing Assets/NVIDIA/Flex Samples/1. Array Actor/Scene.unity using Guid(0cfa9ba4afdcce14581e7f1ecab7b750) Importer(815301076,1909f56bfc062723c751e8b465ee728b)  -> (artifact id: 'c88c048d3dfc8b8d3264787f1e578a20') in 0.009168 seconds
  Import took 0.011362 seconds .

AssetImportWorkerClient::OnTransportError - code=2 error=End of file
